
ROM used: 2286 (7%)
          2286 (7%) including unused fragments

          3 Average locations per line
          21 Average locations per statement

RAM used: 25 (1%) at main() level
          37 (2%) worst case

Stack used: 3 worst case (out of 31 total available)

Lines Stmts  %   Files
----- ----- ---  -----
  121    31  28  EX_RTC.c
   28     0   0  C:\Program Files\PICC\drivers\ctype.h
   37     0   0  EX_RTC.h
  451     0   0  C:\Program Files\PICC\devices\18F4550.h
  245    78  72  PCF8583.c
----- -----
  882   109 Total

Page ROM  %  RAM   Vol Diff  Functions:
---- --- --- ---   --- ----  ----------
0     40   1   1             @delay_ms1
0    102   2   3             @I2C_READ_1
0    108   2   1             @I2C_WRITE_1
0     44   1   0             @const74
0    100   2   2   145  1.9  PCF8583_write_byte
0    154   3   2   219  2.4  PCF8583_read_byte
0     10   0   0    30  1.3  PCF8583_init
0     32   1   2   201  5.3  bin2bcd
0     38   1   3   155  4.7  bcd2bin
0    346   8   9   877  4.6  PCF8583_set_datetime
0    466  10  12  1106  6.3  PCF8583_read_datetime
0    422   9  21  1140  5.9  MAIN
0     46   1   0             @const120
0     34   1   2             @PSTRINGC_9600_31766_31767
0     52   1   0             @const122
0     36   1   0             @const124
0     30   1   0             @const125
0     34   1   0             @const127
0     40   1   2             @PSTRINGR_9600_31766_31767
0     40   1   3             @DIV88
0    108   2   2             @PRINTF_U_9600_31766_31767

Program metrics:
    Functions               8
    Statements              109
    Comments                405
    Volume (V)              5558
    Difficilty (D)          32.3
    Effort to implement (E) 179551
    Time to implement (T)   2 hours, 46 minutes
    Est Delivered Bugs (B)  1
    Cyclomatic Complexity   3
    Maintainability (MI)    45

 Segment     Used  Free
-----------  ----  ----
00000-00002     4  0  
00004-07FFE  2282  30482  



