
ROM used: 1310 (4%)
          1310 (4%) including unused fragments

          2 Average locations per line
          82 Average locations per statement

RAM used: 11 (1%) at main() level
          36 (2%) worst case

Stack used: 2 worst case (out of 31 total available)

Lines Stmts  %   Files
----- ----- ---  -----
   80    16 100  lab9_ADC_CON.c
   38     0   0  lab9_ADC_CON.h
  451     0   0  C:\Program Files\PICC\devices\18F4550.h
----- -----
  569    16 Total

Page ROM  %  RAM   Vol Diff  Functions:
---- --- --- ---   --- ----  ----------
0     40   2   1             @delay_ms1
0    276  11   1   517  3.5  main
0     56   2   2             @ITOF
0    242   9  11             @MULFF
0     14   1   0             @const83
0     34   1   2             @PSTRINGC_9600_31766_31767
0     20   1   0             @const87
0     12   0   0             @const89
0     64   2   5             @FTOSD
0    122   5  13             @DIV3232
0    392  15  13             @PRINTF_L32D_9600_31766_31767FPFPF
0     34   1   3             @PSTRINGCN_9600_31766_31767

Program metrics:
    Functions               1
    Statements              16
    Comments                230
    Volume (V)              540
    Difficilty (D)          2.8
    Effort to implement (E) 1537
    Time to implement (T)   1 minutes
    Est Delivered Bugs (B)  0
    Cyclomatic Complexity   1
    Maintainability (MI)    43

 Segment     Used  Free
-----------  ----  ----
00000-00002     4  0  
00004-07FFE  1306  31458  



