
ROM used: 638 (2%)
          638 (2%) including unused fragments

          0 Average locations per line
          3 Average locations per statement

RAM used: 8 (0%) at main() level
          13 (1%) worst case

Stack used: 2 worst case (out of 31 total available)

Lines Stmts  %   Files
----- ----- ---  -----
  119    25  13  EXPIO.c
   37     0   0  EXPIO.h
  451     0   0  C:\Program Files\PICC\devices\18F4550.h
  166    25  13  SLCD.c
   37     0   0  C:\Program Files\PICC\drivers\stdio.h
  409   121  63  C:\Program Files\PICC\drivers\string.h
   28     0   0  C:\Program Files\PICC\drivers\stddef.h
   28     0   0  C:\Program Files\PICC\drivers\ctype.h
   49    12   6  C:\Program Files\PICC\drivers\74595.c
   45     9   5  C:\Program Files\PICC\drivers\74165.c
----- -----
 1369   192 Total

Page ROM  %  RAM   Vol Diff  Functions:
---- --- --- ---   --- ----  ----------
0     20   2   0    39  1.3  LCD_ClearDisplay
0     82   6   4   460  6.0  LCD_Position
0     82   6   4   457  6.6  write_expanded_outputs
0     64   5   3   299  4.2  read_expanded_inputs
0    184  14   2   831  6.7  MAIN
0     18   1   0   544  4.7  @const203
0     34   3   3   641  4.9  @PSTRINGCN_9600_31766_31767
0     40   3   3             @DIV88
0    110   9   2             @PRINTF_U_9600_31766_31767

Program metrics:
    Functions               7
    Statements              192
    Comments                1362
    Volume (V)              4804
    Difficilty (D)          34.5
    Effort to implement (E) 165672
    Time to implement (T)   2 hours, 33 minutes
    Est Delivered Bugs (B)  1
    Cyclomatic Complexity   39
    Maintainability (MI)    101

 Segment     Used  Free
-----------  ----  ----
00000-00002     4  0  
00004-07FFE   634  32130  



