
ROM used: 1178 (4%)
          1178 (4%) including unused fragments

          1 Average locations per line
          5 Average locations per statement

RAM used: 16 (1%) at main() level
          19 (1%) worst case

Stack used: 2 worst case (out of 31 total available)

Lines Stmts  %   Files
----- ----- ---  -----
  152    54  24  main lab5b.c
   37     0   0  main lab5b.h
  451     0   0  C:\Program Files\PICC\devices\18F4550.h
  118    21  10  DS1307_db666.c
  166    25  11  SLCD.c
   37     0   0  C:\Program Files\PICC\drivers\stdio.h
  409   121  55  C:\Program Files\PICC\drivers\string.h
   28     0   0  C:\Program Files\PICC\drivers\stddef.h
   28     0   0  C:\Program Files\PICC\drivers\ctype.h
----- -----
 1426   221 Total

Page ROM  %  RAM   Vol Diff  Functions:
---- --- --- ---   --- ----  ----------
0     40   2   1             @delay_ms1
0     28   1   1             @I2C_WRITEU_1
0     30   1   1             @I2C_READU_1
0      8   0   0    32  1.0  ds1307_init
0     78   3   4   265  3.5  write_DS1307
0     50   2   2   251  2.0  read_DS1307
0     80   3   4   465  5.7  LCD_Position
0    580  25  10  2267  8.8  MAIN
0     22   1   0             @const220
0     34   1   3             @PSTRINGCN_9600_31766_31767
0     66   3   2             @PRINTF_X_9600_31766_31767
0     12   1   0             @const226
0     34   1   2             @PSTRINGC_9600_31766_31767
0     12   1   0             @const228
0     12   1   0             @const229
0     12   1   0             @const230
0     12   1   0             @const231
0     12   1   0             @const232
0     12   1   0             @const233
0     40   2   0             @goto10644

Program metrics:
    Functions               5
    Statements              221
    Comments                1021
    Volume (V)              4152
    Difficilty (D)          20.6
    Effort to implement (E) 85527
    Time to implement (T)   1 hours, 19 minutes
    Est Delivered Bugs (B)  1
    Cyclomatic Complexity   18
    Maintainability (MI)    67

 Segment     Used  Free
-----------  ----  ----
00000-00002     4  0  
00004-07FFE  1174  31590  



