
ROM used: 1400 (4%)
          1400 (4%) including unused fragments

          2 Average locations per line
          33 Average locations per statement

RAM used: 9 (0%) at main() level
          17 (1%) worst case

Stack used: 3 worst case (out of 31 total available)

Lines Stmts  %   Files
----- ----- ---  -----
   87    17  40  lab8_eeprom.c
   38     0   0  lab8_eeprom.h
  451     0   0  C:\Program Files\PICC\devices\18F4550.h
  132    25  60  24C32.c
----- -----
  708    42 Total

Page ROM  %  RAM   Vol Diff  Functions:
---- --- --- ---   --- ----  ----------
0     38   1   1             @delay_ms1
0    104   4   3             @I2C_READ_1
0    108   4   1             @I2C_WRITE_1
0      8   0   0    32  1.0  init_ext_eeprom
0     92   3   1    84  2.4  ext_eeprom_ready
0    130   5   5   214  4.5  write_ext_eeprom
0    182   6   5   305  5.0  read_ext_eeprom
0    270  10   5   613  5.8  MAIN
0     20   1   0             @const90
0     32   1   3             @PSTRINGCN_9600_31766_31767
0    222   8   9             @PRINTF_LD_9600_31766_31767
0     40   1   0             @const96
0     40   1   3             @DIV88
0    110   4   2             @PRINTF_U_9600_31766_31767

Program metrics:
    Functions               5
    Statements              42
    Comments                373
    Volume (V)              1743
    Difficilty (D)          17.4
    Effort to implement (E) 30398
    Time to implement (T)   28 minutes
    Est Delivered Bugs (B)  0
    Cyclomatic Complexity   2
    Maintainability (MI)    142

 Segment     Used  Free
-----------  ----  ----
00000-00002     4  0  
00004-07FFE  1396  31368  



