
ROM used: 1400 (4%)
          1400 (4%) including unused fragments

          2 Average locations per line
          21 Average locations per statement

RAM used: 27 (1%) at main() level
          40 (2%) worst case

Stack used: 5 worst case (out of 27 total available)

Lines Stmts  %   Files
----- ----- ---  -----
   63    35  51  Matrix Keyboard 3B.c
   37     0   0  Matrix Keyboard 3B.h
  429     0   0  ..\..\..\..\..\..\PROGRA~1\PICC\devices\18F4550.h
   84    33  49  CLAVIER16T c-a interruption.c
----- -----
  613    68 Total

Page ROM  %  RAM   Vol Diff  Functions:
---- --- --- ---   --- ----  ----------
0     40   1   1             @delay_ms1
0     32   1   0             @const52
0    270  10   6  5288 11.5  kbd_getc
0     34   1   0             @goto10046
0     30   1   0             @const61
0     40   1   3             @DIV88
0    210   8   6             @PRINTF_D_9600_31766_31767
0     28   1   0             @const69
0    110   4   2             @PRINTF_U_9600_31766_31767
0     12   0   0    24  1.5  EXT2_isr
0    326  12   1  1114  4.8  MAIN
0     34   1   0             @const80
0     40   1   0             @const82
0     40   1   0             @const87

Program metrics:
    Functions               3
    Statements              68
    Comments                170
    Volume (V)              7143
    Difficilty (D)          17.7
    Effort to implement (E) 126112
    Time to implement (T)   1 hours, 57 minutes
    Est Delivered Bugs (B)  1
    Cyclomatic Complexity   12
    Maintainability (MI)    40

 Segment     Used  Free
-----------  ----  ----
00000-00002     4  0  
00004-00006     0  4  
00008-0009C   150  0  
0009E-07FFE  1246  31364  



