
ROM used: 6196 (19%)
          6196 (19%) including unused fragments

          3 Average locations per line
          11 Average locations per statement

RAM used: 70 (3%) at main() level
          113 (6%) worst case

Stack used: 9 worst case (out of 28 total available)

Lines Stmts  %   Files
----- ----- ---  -----
  695   309  56  Final_Project_TGE_2012.c
   39     0   0  Final_Project_TGE_2012.h
  429     0   0  ..\..\..\..\PROGRA~1\PICC\devices\18F4550.h
   77    29   5  Matrix_Keypad4X4_W.INT.c
  160    38   7  RTC_Clock.c
  132    25   5  Serial_EXT_EEPROM.c
  178    27   5  SLCD.c
   37     0   0  ..\..\..\..\PROGRA~1\PICC\drivers\stdio.h
  417   126  23  ..\..\..\..\PROGRA~1\PICC\drivers\string.h
   28     0   0  ..\..\..\..\PROGRA~1\PICC\drivers\stddef.h
   28     0   0  ..\..\..\..\PROGRA~1\PICC\drivers\ctype.h
----- -----
 2220   554 Total

Page ROM  %  RAM   Vol Diff  Functions:
---- --- --- ---   --- ----  ----------
0     38   0   1             @delay_ms1
0     28   0   1             @I2C_WRITEU_1
0     26   0   1             @I2C_READU_1
0     32   0   0             @const56
0    162   1   6  5001 10.8  kbd_getc
0     34   0   0             @goto10053
0     50   0   2   236  3.3  read_I2C_Clock
0     32   0   2   125  2.3  write_I2C_Clock
0     44   0   1   221  2.8  init_I2C_Clock
0     84   1   1   406  3.3  get_I2C_Clock
0    106   1   8   458  2.7  set_I2C_Clock
0      8   0   0    32  1.0  init_ext_eeprom
0     36   0   1    84  2.4  ext_eeprom_ready
0     72   1   6   214  4.5  write_ext_eeprom
0    100   1   6   392  3.5  read_ext_eeprom
0     18   0   0    39  1.3  lcd_clear
0     28   0   0    48  1.3  lcd_backlightOn
0     80   1   4   452  6.7  lcd_position
0     12   0   0    24  1.5  EXT2_isr
0    192   2   2   467  4.7  MAIN
0     76   1   6   166  4.7  read_from_EEPROM
0    100   1   2   310  2.9  write_RTC_to_EXT_EEPROM
0    262   2   3   531  4.6  read_RTC_from_EXT_EEPROM
0     32   0   0             @const274
0     32   0   0             @const275
0     32   0   0             @const276
0     32   0   0             @const277
0    308   2   2  1010  6.7  user_validation
0     48   0   0             @const278
0     48   0   0             @const279
0     48   0   0             @const280
0     44   0   0             @goto10815
0    836   7  34  3125 12.0  password_validation
0     42   0   0             @const294
0     42   0   0             @const298
0     38   0   0             @const300
0     46   0   0             @const302
0     44   0   0             @const304
0     38   0   0             @const305
0    272   2   1   993  6.7  user_options
0     48   0   0             @const310
0     48   0   0             @const311
0     48   0   0             @const312
0     48   0   0             @const313
0     48   0   0             @const314
0     44   0   0  2167 10.3  @goto11027
0   1008   8  25  2167 10.3  user_logs
0     46   0   0             @const318
0     46   0   0             @const319
0     46   0   0             @const320
0     44   0   0             @const322
0     66   1   2             @PRINTF_X_9600_31766_31767
0     44   0   0             @const326
0     48   0   0             @const327
0     48   0   0             @const328
0    474   4  25  1315  9.2  motor_gestion
0     42   0   0             @const338
0     48   0   0             @const339
0     48   0   0             @const340
0     48   0   0             @const342
0     48   0   0             @const345
0     22   0   0    86  1.3  kbd_init
0     30   0   3    99  3.3  log_position

Program metrics:
    Functions               26
    Statements              554
    Comments                1941
    Volume (V)              31913
    Difficilty (D)          123.7
    Effort to implement (E) 3947120
    Time to implement (T)   60 hours, 55 minutes
    Est Delivered Bugs (B)  8
    Cyclomatic Complexity   75
    Maintainability (MI)    120

 Segment     Used  Free
-----------  ----  ----
00000-00002     4  0  
00004-00006     0  4  
00008-0009C   150  0  
0009E-07FFE  6042  26568  



