
ROM used: 1376 (4%)
          1376 (4%) including unused fragments

          1 Average locations per line
          6 Average locations per statement

RAM used: 17 (1%) at main() level
          28 (1%) worst case

Stack used: 3 worst case (out of 31 total available)

Lines Stmts  %   Files
----- ----- ---  -----
  129    48  20  RTC_DB666.c
   37     0   0  RTC_DB666.h
  451     0   0  C:\Program Files\PICC\devices\18F4550.h
  209    43  18  PCF8583_DB666.c
  166    25  11  SLCD.c
   37     0   0  C:\Program Files\PICC\drivers\stdio.h
  409   121  51  C:\Program Files\PICC\drivers\string.h
   28     0   0  C:\Program Files\PICC\drivers\stddef.h
   28     0   0  C:\Program Files\PICC\drivers\ctype.h
----- -----
 1494   237 Total

Page ROM  %  RAM   Vol Diff  Functions:
---- --- --- ---   --- ----  ----------
0     40   1   1             @delay_ms1
0     28   1   1             @I2C_WRITEU_1
0     30   1   1             @I2C_READU_1
0     32   1   1    86  1.3  config_PCF8583
0     50   2   2   172  2.4  read_PCF8583
0     32   1   2   102  1.8  write_PCF8583
0     38   1   0   183  2.3  init_PCF8583
0    106   4   2   480  3.3  get_PCF8583
0    112   4   9   620  4.7  set_PCF8583
0     80   3   4   465  5.7  LCD_Position
0    530  19   1  1876  8.8  MAIN
0     18   1   0             @const236
0     34   1   2             @PSTRINGC_9600_31766_31767
0     18   1   0             @const238
0     34   1   3             @PSTRINGCN_9600_31766_31767
0     66   2   2             @PRINTF_X_9600_31766_31767
0     12   0   0             @const244
0     12   0   0             @const245
0     12   0   0             @const246
0     12   0   0             @const247
0     12   0   0             @const248
0     12   0   0             @const249
0     12   0   0             @const250
0     40   1   0             @goto10644

Program metrics:
    Functions               8
    Statements              237
    Comments                1019
    Volume (V)              5689
    Difficilty (D)          29.0
    Effort to implement (E) 164876
    Time to implement (T)   2 hours, 33 minutes
    Est Delivered Bugs (B)  1
    Cyclomatic Complexity   18
    Maintainability (MI)    32

 Segment     Used  Free
-----------  ----  ----
00000-00002     4  0  
00004-07FFE  1372  31392  



