
ROM used: 222 (1%)
          222 (1%) including unused fragments

          0 Average locations per line
          10 Average locations per statement

RAM used: 5 (0%) at main() level
          7 (0%) worst case

Stack used: 2 worst case (out of 31 total available)

Lines Stmts  %   Files
----- ----- ---  -----
   54    22 100  lab 1.c
   37     0   0  lab 1.h
  429     0   0  ..\..\..\..\..\PROGRA~1\PICC\devices\18F4550.h
----- -----
  520    22 Total

Page ROM  %  RAM   Vol Diff  Functions:
---- --- --- ---   --- ----  ----------
0     38   9   1             @delay_ms1
0    118  27   0   328  2.8  main
0     62  14   1   127  1.3  blinky

Program metrics:
    Functions               2
    Statements              22
    Comments                145
    Volume (V)              542
    Difficilty (D)          4.0
    Effort to implement (E) 2187
    Time to implement (T)   2 minutes
    Est Delivered Bugs (B)  0
    Cyclomatic Complexity   1
    Maintainability (MI)    132

 Segment     Used  Free
-----------  ----  ----
00000-00002     4  0  
00004-07FFE   218  32546  



