
ROM used: 1488 (5%)
          1488 (5%) including unused fragments

          2 Average locations per line
          17 Average locations per statement

RAM used: 12 (1%) at main() level
          21 (1%) worst case

Stack used: 2 worst case (out of 31 total available)

Lines Stmts  %   Files
----- ----- ---  -----
   91    23  26  main lab5a.c
   38     0   0  main lab5a.h
  451     0   0  C:\Program Files\PICC\devices\18F4550.h
  124    67  74  ds1307paul.c
----- -----
  704    90 Total

Page ROM  %  RAM   Vol Diff  Functions:
---- --- --- ---   --- ----  ----------
0     38   1   1             @delay_ms1
0     28   1   1             @I2C_WRITEU_1
0     28   1   1             @I2C_READU_1
0    132   4   2   437  2.4  ds1307_init
0    150   5   8   503  2.7  ds1307_set_date_time
 Inline        5   383  3.1  ds1307_get_date
 Inline        4   315  3.0  ds1307_get_time
0     36   1   3   240  6.0  bin2bcd
0     38   1   3   155  4.7  bcd2bin
0    626  21   8  1038  3.1  MAIN
0     22   1   0             @const111
0     36   1   2             @PSTRINGC_9600_31766_31767
0     26   1   0             @const114
0     32   1   3             @PSTRINGCN_9600_31766_31767
0     40   1   3             @DIV88
0    208   7   6             @PRINTF_D_9600_31766_31767
0     16   1   0             @const123
0     28   1   0             @const124

Program metrics:
    Functions               7
    Statements              90
    Comments                329
    Volume (V)              4555
    Difficilty (D)          24.4
    Effort to implement (E) 111337
    Time to implement (T)   1 hours, 43 minutes
    Est Delivered Bugs (B)  1
    Cyclomatic Complexity   1
    Maintainability (MI)    49

 Segment     Used  Free
-----------  ----  ----
00000-00002     4  0  
00004-07FFE  1484  31280  



